<?xml version="1.0" encoding="UTF-8"?>
<testng-results skipped="0" failed="0" ignored="0" total="1" passed="1">
  <reporter-output>
  </reporter-output>
  <suite name="Default suite" duration-ms="31512" started-at="2020-10-17T01:02:04 IST" finished-at="2020-10-17T01:02:36 IST">
    <groups>
    </groups>
    <test name="Default test" duration-ms="31512" started-at="2020-10-17T01:02:04 IST" finished-at="2020-10-17T01:02:36 IST">
      <class name="automation.mobile.AppiumTest">
        <test-method status="PASS" signature="init()[pri:0, instance:automation.mobile.AppiumTest@458c1321]" name="init" is-config="true" duration-ms="19" started-at="2020-10-17T01:02:04 IST" finished-at="2020-10-17T01:02:04 IST">
          <reporter-output>
          </reporter-output>
        </test-method> <!-- init -->
        <test-method status="PASS" signature="testApp()[pri:0, instance:automation.mobile.AppiumTest@458c1321]" name="testApp" duration-ms="31394" started-at="2020-10-17T01:02:04 IST" finished-at="2020-10-17T01:02:36 IST">
          <reporter-output>
          </reporter-output>
        </test-method> <!-- testApp -->
      </class> <!-- automation.mobile.AppiumTest -->
    </test> <!-- Default test -->
  </suite> <!-- Default suite -->
</testng-results>
